c:\users\dvandenhof\documents\cppgameframework\intermediate\debug\vc140.pdb
c:\users\dvandenhof\documents\cppgameframework\intermediate\debug\vc140.idb
c:\users\dvandenhof\documents\cppgameframework\intermediate\debug\obase.obj
c:\users\dvandenhof\documents\cppgameframework\intermediate\debug\otest.obj
c:\users\dvandenhof\documents\cppgameframework\intermediate\debug\game.obj
c:\users\dvandenhof\documents\cppgameframework\intermediate\debug\gameevents.obj
c:\users\dvandenhof\documents\cppgameframework\intermediate\debug\drawingfunctions.obj
c:\users\dvandenhof\documents\cppgameframework\intermediate\debug\graphics.obj
c:\users\dvandenhof\documents\cppgameframework\intermediate\debug\keyboard.obj
c:\users\dvandenhof\documents\cppgameframework\intermediate\debug\mouse.obj
c:\users\dvandenhof\documents\cppgameframework\intermediate\debug\main.obj
c:\users\dvandenhof\documents\cppgameframework\framework\graphics\normalpxshader.shh
c:\users\dvandenhof\documents\cppgameframework\framework\graphics\normalvxshader.shh
c:\users\dvandenhof\documents\cppgameframework\output\debug\normalpxshader.cso
c:\users\dvandenhof\documents\cppgameframework\output\debug\normalvxshader.cso
c:\users\dvandenhof\documents\cppgameframework\\output\debug\framework.pdb
c:\users\dvandenhof\documents\cppgameframework\intermediate\debug\framework.tlog\cl.command.1.tlog
c:\users\dvandenhof\documents\cppgameframework\intermediate\debug\framework.tlog\cl.read.1.tlog
c:\users\dvandenhof\documents\cppgameframework\intermediate\debug\framework.tlog\cl.write.1.tlog
c:\users\dvandenhof\documents\cppgameframework\intermediate\debug\framework.tlog\framework.write.1u.tlog
c:\users\dvandenhof\documents\cppgameframework\intermediate\debug\framework.tlog\fxc.command.1.tlog
c:\users\dvandenhof\documents\cppgameframework\intermediate\debug\framework.tlog\fxc.read.1.tlog
c:\users\dvandenhof\documents\cppgameframework\intermediate\debug\framework.tlog\fxc.write.1.tlog
c:\users\dvandenhof\documents\cppgameframework\intermediate\debug\framework.tlog\link-cvtres.read.1.tlog
c:\users\dvandenhof\documents\cppgameframework\intermediate\debug\framework.tlog\link-cvtres.write.1.tlog
c:\users\dvandenhof\documents\cppgameframework\intermediate\debug\framework.tlog\link-rc.read.1.tlog
c:\users\dvandenhof\documents\cppgameframework\intermediate\debug\framework.tlog\link-rc.write.1.tlog
c:\users\dvandenhof\documents\cppgameframework\intermediate\debug\framework.tlog\link.command.1.tlog
c:\users\dvandenhof\documents\cppgameframework\intermediate\debug\framework.tlog\link.read.1.tlog
c:\users\dvandenhof\documents\cppgameframework\intermediate\debug\framework.tlog\link.write.1.tlog
