c:\users\dvandenhof\documents\cppgameframework\intermediate\release\vc140.pdb
c:\users\dvandenhof\documents\cppgameframework\intermediate\release\main.obj
c:\users\dvandenhof\documents\cppgameframework\intermediate\release\mouse.obj
c:\users\dvandenhof\documents\cppgameframework\intermediate\release\keyboard.obj
c:\users\dvandenhof\documents\cppgameframework\intermediate\release\graphics.obj
c:\users\dvandenhof\documents\cppgameframework\intermediate\release\drawingfunctions.obj
c:\users\dvandenhof\documents\cppgameframework\intermediate\release\canvas.obj
c:\users\dvandenhof\documents\cppgameframework\intermediate\release\gameevents.obj
c:\users\dvandenhof\documents\cppgameframework\intermediate\release\game.obj
c:\users\dvandenhof\documents\cppgameframework\intermediate\release\sprite.obj
c:\users\dvandenhof\documents\cppgameframework\intermediate\release\otest.obj
c:\users\dvandenhof\documents\cppgameframework\intermediate\release\obase.obj
c:\users\dvandenhof\documents\cppgameframework\intermediate\release\bitmap.obj
c:\users\dvandenhof\documents\cppgameframework\framework\graphics\normalpxshader.shh
c:\users\dvandenhof\documents\cppgameframework\framework\graphics\normalvxshader.shh
c:\users\dvandenhof\documents\cppgameframework\output\release\normalpxshader.cso
c:\users\dvandenhof\documents\cppgameframework\output\release\normalvxshader.cso
c:\users\dvandenhof\documents\cppgameframework\output\release\framework.exe
c:\users\dvandenhof\documents\cppgameframework\output\release\framework.ipdb
c:\users\dvandenhof\documents\cppgameframework\output\release\framework.iobj
c:\users\dvandenhof\documents\cppgameframework\output\release\framework.pdb
c:\users\dvandenhof\documents\cppgameframework\\output\release\framework.pdb
c:\users\dvandenhof\documents\cppgameframework\\output\release\framework.exe
c:\users\dvandenhof\documents\cppgameframework\intermediate\release\framework.tlog\cl.command.1.tlog
c:\users\dvandenhof\documents\cppgameframework\intermediate\release\framework.tlog\cl.read.1.tlog
c:\users\dvandenhof\documents\cppgameframework\intermediate\release\framework.tlog\cl.write.1.tlog
c:\users\dvandenhof\documents\cppgameframework\intermediate\release\framework.tlog\framework.write.1u.tlog
c:\users\dvandenhof\documents\cppgameframework\intermediate\release\framework.tlog\fxc.command.1.tlog
c:\users\dvandenhof\documents\cppgameframework\intermediate\release\framework.tlog\fxc.read.1.tlog
c:\users\dvandenhof\documents\cppgameframework\intermediate\release\framework.tlog\fxc.write.1.tlog
c:\users\dvandenhof\documents\cppgameframework\intermediate\release\framework.tlog\link.command.1.tlog
c:\users\dvandenhof\documents\cppgameframework\intermediate\release\framework.tlog\link.read.1.tlog
c:\users\dvandenhof\documents\cppgameframework\intermediate\release\framework.tlog\link.write.1.tlog
