  Bitmap.cpp
Entities\Bitmap.cpp(21): warning C4244: 'initializing': conversion from 'std::streamoff' to 'unsigned int', possible loss of data
Entities\Bitmap.cpp(14): warning C4101: 'f': unreferenced local variable
Entities\Bitmap.cpp(35): warning C4101: 'tmp': unreferenced local variable
  Sprite.cpp
  oBase.cpp
  oTest.cpp
  Game.cpp
Game_code\Game.cpp(32): warning C4244: '=': conversion from 'int' to 'float', possible loss of data
Game_code\Game.cpp(67): warning C4244: 'argument': conversion from 'float' to 'int', possible loss of data
Game_code\Game.cpp(71): warning C4244: 'argument': conversion from 'float' to 'int', possible loss of data
Game_code\Game.cpp(75): warning C4244: 'argument': conversion from 'float' to 'int', possible loss of data
Game_code\Game.cpp(79): warning C4244: 'argument': conversion from 'float' to 'int', possible loss of data
Game_code\Game.cpp(91): warning C4244: '=': conversion from 'int' to 'float', possible loss of data
Game_code\Game.cpp(99): warning C4244: '=': conversion from 'int' to 'float', possible loss of data
  GameEvents.cpp
  Canvas.cpp
  DrawingFunctions.cpp
  Graphics.cpp
  Generating code
  14 of 537 functions ( 2.6%) were compiled, the rest were copied from previous compilation.
    0 functions were new in current compilation
    21 functions had inline decision re-evaluated but remain unchanged
  Finished generating code
  frameWork.vcxproj -> C:\Users\dvandenhof\Documents\cppGameFramework\\Output\Release\frameWork.exe
  frameWork.vcxproj -> C:\Users\dvandenhof\Documents\cppGameFramework\\Output\Release\frameWork.pdb (Full PDB)
